Using pre-set license
Built from '2021.3/staging' branch; Version is '2021.3.2f1 (d6360bedb9a0) revision 14038539'; Using compiler version '192829333'; Build Type 'Release'
OS: 'Windows 10  (10.0.19042) 64bit Professional' Language: 'ko' Physical Memory: 16297 MB
BatchMode: 1, IsHumanControllingUs: 0, StartBugReporterOnCrash: 0, Is64bit: 1, IsPro: 1

COMMAND LINE ARGUMENTS:
C:\Program Files\Unity\Hub\Editor\2021.3.2f1\Editor\Unity.exe
-adb2
-batchMode
-noUpm
-name
AssetImportWorker6
-projectPath
C:/Users/OFFICE/Desktop/The-Age-of-War/The Age of War
-logFile
Logs/AssetImportWorker6.log
-srvPort
49683
Successfully changed project path to: C:/Users/OFFICE/Desktop/The-Age-of-War/The Age of War
C:/Users/OFFICE/Desktop/The-Age-of-War/The Age of War
[UnityMemory] Configuration Parameters - Can be set up in boot.config
    "memorysetup-bucket-allocator-granularity=16"
    "memorysetup-bucket-allocator-bucket-count=8"
    "memorysetup-bucket-allocator-block-size=33554432"
    "memorysetup-bucket-allocator-block-count=8"
    "memorysetup-main-allocator-block-size=16777216"
    "memorysetup-thread-allocator-block-size=16777216"
    "memorysetup-gfx-main-allocator-block-size=16777216"
    "memorysetup-gfx-thread-allocator-block-size=16777216"
    "memorysetup-cache-allocator-block-size=4194304"
    "memorysetup-typetree-allocator-block-size=2097152"
    "memorysetup-profiler-bucket-allocator-granularity=16"
    "memorysetup-profiler-bucket-allocator-bucket-count=8"
    "memorysetup-profiler-bucket-allocator-block-size=33554432"
    "memorysetup-profiler-bucket-allocator-block-count=8"
    "memorysetup-profiler-allocator-block-size=16777216"
    "memorysetup-profiler-editor-allocator-block-size=1048576"
    "memorysetup-temp-allocator-size-main=16777216"
    "memorysetup-job-temp-allocator-block-size=2097152"
    "memorysetup-job-temp-allocator-block-size-background=1048576"
    "memorysetup-job-temp-allocator-reduction-small-platforms=262144"
    "memorysetup-temp-allocator-size-background-worker=32768"
    "memorysetup-temp-allocator-size-job-worker=262144"
    "memorysetup-temp-allocator-size-preload-manager=33554432"
    "memorysetup-temp-allocator-size-nav-mesh-worker=65536"
    "memorysetup-temp-allocator-size-audio-worker=65536"
    "memorysetup-temp-allocator-size-cloud-worker=32768"
    "memorysetup-temp-allocator-size-gi-baking-worker=262144"
    "memorysetup-temp-allocator-size-gfx=262144"
Refreshing native plugins compatible for Editor in 68.41 ms, found 3 plugins.
Preloading 0 native plugins for Editor in 0.00 ms.
Initialize engine version: 2021.3.2f1 (d6360bedb9a0)
[Subsystems] Discovering subsystems at path C:/Program Files/Unity/Hub/Editor/2021.3.2f1/Editor/Data/Resources/UnitySubsystems
[Subsystems] Discovering subsystems at path C:/Users/OFFICE/Desktop/The-Age-of-War/The Age of War/Assets
GfxDevice: creating device client; threaded=0; jobified=0
Direct3D:
    Version:  Direct3D 11.0 [level 11.1]
    Renderer: NVIDIA GeForce GTX 1660 (ID=0x2184)
    Vendor:   NVIDIA
    VRAM:     5991 MB
    Driver:   27.21.14.5671
Initialize mono
Mono path[0] = 'C:/Program Files/Unity/Hub/Editor/2021.3.2f1/Editor/Data/Managed'
Mono path[1] = 'C:/Program Files/Unity/Hub/Editor/2021.3.2f1/Editor/Data/MonoBleedingEdge/lib/mono/unityjit-win32'
Mono config path = 'C:/Program Files/Unity/Hub/Editor/2021.3.2f1/Editor/Data/MonoBleedingEdge/etc'
Using monoOptions --debugger-agent=transport=dt_socket,embedding=1,server=y,suspend=n,address=127.0.0.1:56012
Begin MonoManager ReloadAssembly
Registering precompiled unity dll's ...
Register platform support module: C:/Program Files/Unity/Hub/Editor/2021.3.2f1/Editor/Data/PlaybackEngines/iOSSupport/UnityEditor.iOS.Extensions.dll
Register platform support module: C:/Program Files/Unity/Hub/Editor/2021.3.2f1/Editor/Data/PlaybackEngines/WindowsStandaloneSupport/UnityEditor.WindowsStandalone.Extensions.dll
Registered in 0.003803 seconds.
Native extension for WindowsStandalone target not found
[usbmuxd] Start listen thread
[usbmuxd] Listen thread started
Native extension for iOS target not found
Refreshing native plugins compatible for Editor in 66.19 ms, found 3 plugins.
Preloading 0 native plugins for Editor in 0.00 ms.
Mono: successfully reloaded assembly
- Completed reload, in  0.504 seconds
Domain Reload Profiling:
	ReloadAssembly (504ms)
		BeginReloadAssembly (55ms)
			ExecutionOrderSort (0ms)
			DisableScriptedObjects (0ms)
			BackupInstance (0ms)
			ReleaseScriptingObjects (0ms)
			CreateAndSetChildDomain (1ms)
		EndReloadAssembly (366ms)
			LoadAssemblies (54ms)
			RebuildTransferFunctionScriptingTraits (0ms)
			SetupTypeCache (85ms)
			ReleaseScriptCaches (0ms)
			RebuildScriptCaches (22ms)
			SetupLoadedEditorAssemblies (220ms)
				LogAssemblyErrors (0ms)
				InitializePlatformSupportModulesInManaged (19ms)
				SetLoadedEditorAssemblies (0ms)
				RefreshPlugins (66ms)
				BeforeProcessingInitializeOnLoad (1ms)
				ProcessInitializeOnLoadAttributes (98ms)
				ProcessInitializeOnLoadMethodAttributes (35ms)
				AfterProcessingInitializeOnLoad (0ms)
				EditorAssembliesLoaded (0ms)
			ExecutionOrderSort2 (0ms)
			AwakeInstancesAfterBackupRestoration (0ms)
Platform modules already initialized, skipping
Registering precompiled user dll's ...
Registered in 0.003093 seconds.
Begin MonoManager ReloadAssembly
Symbol file LoadedFromMemory doesn't match image C:\Users\OFFICE\Desktop\The-Age-of-War\The Age of War\Library\PackageCache\com.unity.visualscripting@1.7.6\Editor\VisualScripting.Core\Dependencies\YamlDotNet\Unity.VisualScripting.YamlDotNet.dll
Symbol file LoadedFromMemory doesn't match image C:\Users\OFFICE\Desktop\The-Age-of-War\The Age of War\Library\PackageCache\com.unity.visualscripting@1.7.6\Editor\VisualScripting.Core\Dependencies\DotNetZip\Unity.VisualScripting.IonicZip.dll
Native extension for WindowsStandalone target not found
Native extension for iOS target not found
Refreshing native plugins compatible for Editor in 0.51 ms, found 3 plugins.
Preloading 0 native plugins for Editor in 0.00 ms.
Mono: successfully reloaded assembly
- Completed reload, in  0.820 seconds
Domain Reload Profiling:
	ReloadAssembly (821ms)
		BeginReloadAssembly (86ms)
			ExecutionOrderSort (0ms)
			DisableScriptedObjects (5ms)
			BackupInstance (0ms)
			ReleaseScriptingObjects (0ms)
			CreateAndSetChildDomain (17ms)
		EndReloadAssembly (644ms)
			LoadAssemblies (63ms)
			RebuildTransferFunctionScriptingTraits (0ms)
			SetupTypeCache (217ms)
			ReleaseScriptCaches (1ms)
			RebuildScriptCaches (41ms)
			SetupLoadedEditorAssemblies (291ms)
				LogAssemblyErrors (0ms)
				InitializePlatformSupportModulesInManaged (16ms)
				SetLoadedEditorAssemblies (0ms)
				RefreshPlugins (1ms)
				BeforeProcessingInitializeOnLoad (69ms)
				ProcessInitializeOnLoadAttributes (177ms)
				ProcessInitializeOnLoadMethodAttributes (23ms)
				AfterProcessingInitializeOnLoad (4ms)
				EditorAssembliesLoaded (0ms)
			ExecutionOrderSort2 (0ms)
			AwakeInstancesAfterBackupRestoration (4ms)
Platform modules already initialized, skipping
========================================================================
Worker process is ready to serve import requests
Launched and connected shader compiler UnityShaderCompiler.exe after 0.03 seconds
Refreshing native plugins compatible for Editor in 0.54 ms, found 3 plugins.
Preloading 0 native plugins for Editor in 0.00 ms.
Unloading 3361 Unused Serialized files (Serialized files now loaded: 0)
Unloading 26 unused Assets / (112.4 KB). Loaded Objects now: 3820.
Memory consumption went from 116.3 MB to 116.2 MB.
Total: 2.785500 ms (FindLiveObjects: 0.277100 ms CreateObjectMapping: 0.255100 ms MarkObjects: 2.168000 ms  DeleteObjects: 0.084600 ms)

AssetImportParameters requested are different than current active one (requested -> active):
  custom:video-decoder-ogg-theora: a1e56fd34408186e4bbccfd4996cb3dc -> 
  custom:container-muxer-webm: aa71ff27fc2769a1b78a27578f13a17b -> 
  custom:container-demuxer-webm: 4f35f7cbe854078d1ac9338744f61a02 -> 
  custom:video-encoder-webm-vp8: eb34c28f22e8b96e1ab97ce403110664 -> 
  custom:audio-encoder-webm-vorbis: bf7c407c2cedff20999df2af8eb42d56 -> 
  custom:framework-win-MediaFoundation: 216162199b28c13a410421893ffa2e32 -> 
  custom:container-demuxer-ogg: 62fdf1f143b41e24485cea50d1cbac27 -> 
  custom:video-decoder-webm-vp8: 9c59270c3fd7afecdb556c50c9e8de78 -> 
  custom:audio-decoder-ogg-vorbis: bf7c407c2cedff20999df2af8eb42d56 -> 
========================================================================
Received Import Request.
  Time since last request: 103753.255729 seconds.
  path: Assets/Pup Up Productions/Voxel Castle Pack Lite/Prefabs/Floors/FloorRoughStoneCorridor.prefab
  artifactKey: Guid(ebaef1df105b84c5bad893bb42f0d493) Importer(815301076,1909f56bfc062723c751e8b465ee728b)
Start importing Assets/Pup Up Productions/Voxel Castle Pack Lite/Prefabs/Floors/FloorRoughStoneCorridor.prefab using Guid(ebaef1df105b84c5bad893bb42f0d493) Importer(815301076,1909f56bfc062723c751e8b465ee728b)  -> (artifact id: 'afe455c6244e5940db32304f9c87a6da') in 0.094120 seconds 
========================================================================
Received Import Request.
  Time since last request: 0.948661 seconds.
  path: Assets/Pup Up Productions/Voxel Castle Pack Lite/Prefabs/Furniture/Cupboard.prefab
  artifactKey: Guid(05a52346cef9f410689ea3f8187e83ad) Importer(815301076,1909f56bfc062723c751e8b465ee728b)
Start importing Assets/Pup Up Productions/Voxel Castle Pack Lite/Prefabs/Furniture/Cupboard.prefab using Guid(05a52346cef9f410689ea3f8187e83ad) Importer(815301076,1909f56bfc062723c751e8b465ee728b)  -> (artifact id: '89a213ae7e9a143f300d68916fe4adff') in 0.010309 seconds 
========================================================================
Received Import Request.
  Time since last request: 19.800058 seconds.
  path: Assets/Pup Up Productions/Voxel Castle Pack Lite/Prefabs/Props/Cauldron.prefab
  artifactKey: Guid(29b42508546944b37a3b70e15ec7ebbf) Importer(815301076,1909f56bfc062723c751e8b465ee728b)
Start importing Assets/Pup Up Productions/Voxel Castle Pack Lite/Prefabs/Props/Cauldron.prefab using Guid(29b42508546944b37a3b70e15ec7ebbf) Importer(815301076,1909f56bfc062723c751e8b465ee728b)  -> (artifact id: 'bc524c66bf135c73810bc488f255742d') in 0.008772 seconds 
========================================================================
Received Import Request.
  Time since last request: 2.162567 seconds.
  path: Assets/Pup Up Productions/Voxel Castle Pack Lite/Prefabs/Walls/FoundationWall.prefab
  artifactKey: Guid(cb7788202ae184bf6964cf4857176079) Importer(815301076,1909f56bfc062723c751e8b465ee728b)
Start importing Assets/Pup Up Productions/Voxel Castle Pack Lite/Prefabs/Walls/FoundationWall.prefab using Guid(cb7788202ae184bf6964cf4857176079) Importer(815301076,1909f56bfc062723c751e8b465ee728b)  -> (artifact id: 'dcf5a7f307555700d916eeeaaaa2ca92') in 0.009885 seconds 
========================================================================
Received Import Request.
  Time since last request: 0.000016 seconds.
  path: Assets/Pup Up Productions/Voxel Castle Pack Lite/Prefabs/Walls/WallExteriorConnector.prefab
  artifactKey: Guid(ef90c9a8e9b0145798d61dc372a4d72f) Importer(815301076,1909f56bfc062723c751e8b465ee728b)
Start importing Assets/Pup Up Productions/Voxel Castle Pack Lite/Prefabs/Walls/WallExteriorConnector.prefab using Guid(ef90c9a8e9b0145798d61dc372a4d72f) Importer(815301076,1909f56bfc062723c751e8b465ee728b)  -> (artifact id: '49f173b03c5f965a3309ceba262c299a') in 0.024192 seconds 
========================================================================
Received Import Request.
  Time since last request: 0.000016 seconds.
  path: Assets/Pup Up Productions/Voxel Castle Pack Lite/Prefabs/Walls/WoodenBeam.prefab
  artifactKey: Guid(a93b521aaa81b4f468d0cf2813cd3e48) Importer(815301076,1909f56bfc062723c751e8b465ee728b)
Start importing Assets/Pup Up Productions/Voxel Castle Pack Lite/Prefabs/Walls/WoodenBeam.prefab using Guid(a93b521aaa81b4f468d0cf2813cd3e48) Importer(815301076,1909f56bfc062723c751e8b465ee728b)  -> (artifact id: 'e6a0161bf3f742afee7d1e8574360514') in 0.031192 seconds 
Editor requested this worker to shutdown with reason: Scaling down because of idle timeout
AssetImportWorker is now disconnected from the server
Process exiting
Exiting without the bug reporter. Application will terminate with return code 0